#
# A fatal error has been detected by the Java Runtime Environment:
#
#  EXCEPTION_ACCESS_VIOLATION (0xc0000005) at pc=0x00007ffa6ef584d0, pid=1104, tid=14052
#
# JRE version: OpenJDK Runtime Environment Temurin-17.0.3+7 (17.0.3+7) (build 17.0.3+7)
# Java VM: OpenJDK 64-Bit Server VM Temurin-17.0.3+7 (17.0.3+7, mixed mode, tiered, compressed oops, compressed class ptrs, g1 gc, windows-amd64)
# Problematic frame:
# V  [jvm.dll+0x3684d0]
#
# No core dump will be written. Minidumps are not enabled by default on client versions of Windows
#
# If you would like to submit a bug report, please visit:
#   https://github.com/adoptium/adoptium-support/issues
#

---------------  S U M M A R Y ------------

Command Line: -Dfile.encoding=UTF-8 -XX:+ShowCodeDetailsInExceptionMessages general.MapFrame

Host: Intel(R) Core(TM) i5-3570K CPU @ 3.40GHz, 4 cores, 23G,  Windows 10 , 64 bit Build 19041 (10.0.19041.3393)
Time: Mon Jun 16 20:09:43 2025 Central Daylight Time elapsed time: 9.594165 seconds (0d 0h 0m 9s)

---------------  T H R E A D  ---------------

Current thread (0x0000019bb2832f50):  JavaThread "C2 CompilerThread1" daemon [_thread_in_native, id=14052, stack(0x00000067c0c00000,0x00000067c0d00000)]


Current CompileTask:
C2:   9594 3176 %     4       view.MapPanel::calculateRivers @ 202 (807 bytes)

Stack: [0x00000067c0c00000,0x00000067c0d00000],  sp=0x00000067c0cfb6d0,  free space=1005k
Native frames: (J=compiled Java code, j=interpreted, Vv=VM code, C=native code)
V  [jvm.dll+0x3684d0]
V  [jvm.dll+0x361858]
V  [jvm.dll+0x1bbc2e]
V  [jvm.dll+0x2184b9]
V  [jvm.dll+0x217781]
V  [jvm.dll+0x1a3ccd]
V  [jvm.dll+0x227178]
V  [jvm.dll+0x2252bc]
V  [jvm.dll+0x7e673b]
V  [jvm.dll+0x7e0cfa]
V  [jvm.dll+0x674d85]
C  [ucrtbase.dll+0x21bb2]
C  [KERNEL32.DLL+0x17344]
C  [ntdll.dll+0x526b1]


siginfo: EXCEPTION_ACCESS_VIOLATION (0xc0000005), reading address 0x000077fa6f75bbe8


Register to memory mapping:

RIP=0x00007ffa6ef584d0 jvm.dll
RAX=0x0 is NULL
RBX=0x00000067c0cfb720 is pointing into the stack for thread: 0x0000019bb2832f50
RCX=0x0 is NULL
RDX=0x000077fa6f75bbe8 is an unknown value
RSP=0x00000067c0cfb6d0 is pointing into the stack for thread: 0x0000019bb2832f50
RBP=0x00000067c0cfb840 is pointing into the stack for thread: 0x0000019bb2832f50
RSI=0x00007ffa6f75bbe8 jvm.dll
RDI=0x0000000000000017 is an unknown value
R8 =0x0000000000001600 is an unknown value
R9 =0x0000000000000004 is an unknown value
R10=0x0000000000000003 is an unknown value
R11=0x0000019bb6dc0d60 points into unknown readable memory: 0x0000000000000400 | 00 04 00 00 00 00 00 00
R12=0x0000000000000001 is an unknown value
R13=0x0 is NULL
R14=0x0000000000000f69 is an unknown value
R15=0x0000000000000f69 is an unknown value


Registers:
RAX=0x0000000000000000, RBX=0x00000067c0cfb720, RCX=0x0000000000000000, RDX=0x000077fa6f75bbe8
RSP=0x00000067c0cfb6d0, RBP=0x00000067c0cfb840, RSI=0x00007ffa6f75bbe8, RDI=0x0000000000000017
R8 =0x0000000000001600, R9 =0x0000000000000004, R10=0x0000000000000003, R11=0x0000019bb6dc0d60
R12=0x0000000000000001, R13=0x0000000000000000, R14=0x0000000000000f69, R15=0x0000000000000f69
RIP=0x00007ffa6ef584d0, EFLAGS=0x0000000000010246

Top of Stack: (sp=0x00000067c0cfb6d0)
0x00000067c0cfb6d0:   0000000000003136 00007ffa6ef58624
0x00000067c0cfb6e0:   0000019bb617f9f0 0000019bb555ef00
0x00000067c0cfb6f0:   000000000000001e 00007ffa6ef51858
0x00000067c0cfb700:   0000000000000002 0000000000000017
0x00000067c0cfb710:   0000000000003136 0000000000003136
0x00000067c0cfb720:   0000000000000000 000000010000160a
0x00000067c0cfb730:   0000002e00000017 000077fa6f75bbe8
0x00000067c0cfb740:   0000019bb6338c10 0000019bbae821f0
0x00000067c0cfb750:   0000019bb2936000 00000000000003d8
0x00000067c0cfb760:   0000019bb2935ff0 0000019baa183890
0x00000067c0cfb770:   00000067c0cfb880 00007ffa6edabc2e
0x00000067c0cfb780:   00000067c0cfbbe0 00000067c0cfbcc0
0x00000067c0cfb790:   0000000000000000 0000019bb2935ff0
0x00000067c0cfb7a0:   0000000000000000 00000067c0cfb860
0x00000067c0cfb7b0:   0000000000000006 0000019bb2935ff0
0x00000067c0cfb7c0:   0000019bb5548090 0000019bb554d9e0 

Instructions: (pc=0x00007ffa6ef584d0)
0x00007ffa6ef583d0:   48 8b a8 80 00 00 00 48 8b 8d d0 08 00 00 48 85
0x00007ffa6ef583e0:   c9 75 0c e8 e8 0b 00 00 48 8b 8d d0 08 00 00 48
0x00007ffa6ef583f0:   8b 01 0f 57 c0 48 89 85 d0 08 00 00 0f 11 01 0f
0x00007ffa6ef58400:   11 41 10 41 0f 10 06 0f 11 01 41 0f 10 4e 10 0f
0x00007ffa6ef58410:   11 49 10 48 8b 43 08 48 89 0c 06 ff c7 ba 50 00
0x00007ffa6ef58420:   00 00 3b bb 90 00 00 00 0f 82 62 ff ff ff 4c 8b
0x00007ffa6ef58430:   74 24 60 4c 8b 6c 24 58 4c 8b 64 24 50 48 8b c3
0x00007ffa6ef58440:   48 83 c4 20 41 5f 5f 5e 5d 5b c3 cc cc cc cc cc
0x00007ffa6ef58450:   40 53 48 83 ec 20 8b 51 0c 48 8b d9 83 fa 04 73
0x00007ffa6ef58460:   2a 4c 8b 59 18 66 66 66 0f 1f 84 00 00 00 00 00
0x00007ffa6ef58470:   44 8b d2 44 8d 4a 01 4b 83 3c d3 00 0f 85 8f 00
0x00007ffa6ef58480:   00 00 41 8b d1 41 83 f9 04 72 e5 48 89 74 24 30
0x00007ffa6ef58490:   48 89 7c 24 38 8b 79 10 3b 79 14 73 62 48 8d 35
0x00007ffa6ef584a0:   44 37 80 00 0f 1f 40 00 0f 1f 84 00 00 00 00 00
0x00007ffa6ef584b0:   48 8b 43 20 8b cf 48 8b 14 c8 48 3b d6 74 39 33
0x00007ffa6ef584c0:   c0 48 89 53 18 33 c9 66 0f 1f 84 00 00 00 00 00
0x00007ffa6ef584d0:   48 83 3c 11 00 44 8d 48 01 75 6f 48 83 c1 08 41
0x00007ffa6ef584e0:   8b c1 41 83 f9 04 72 e8 48 8b 4b 28 48 85 c9 74
0x00007ffa6ef584f0:   07 8b d7 e8 58 01 00 00 ff c7 3b 7b 14 72 b1 48
0x00007ffa6ef58500:   8b 74 24 30 33 c0 48 8b 7c 24 38 48 83 c4 20 5b
0x00007ffa6ef58510:   c3 8b 41 10 44 8d 04 82 41 c1 e0 06 41 81 c0 00
0x00007ffa6ef58520:   ff ff ff 44 89 41 08 4b 8b 14 d3 48 0f bc c2 44
0x00007ffa6ef58530:   89 49 0c 8b c8 48 d3 ea 48 ff ca 41 03 c0 48 89
0x00007ffa6ef58540:   13 89 43 08 48 83 c4 20 5b c3 48 8b 74 24 30 44
0x00007ffa6ef58550:   8d 04 b8 8b c8 8d 47 01 48 8b 7c 24 38 41 c1 e0
0x00007ffa6ef58560:   06 44 89 43 08 48 8b 14 ca 89 43 10 48 0f bc c2
0x00007ffa6ef58570:   44 89 4b 0c 8b c8 48 d3 ea 48 ff ca 41 03 c0 48
0x00007ffa6ef58580:   89 13 89 43 08 48 83 c4 20 5b c3 cc cc cc cc cc
0x00007ffa6ef58590:   40 53 48 83 ec 20 65 48 8b 04 25 58 00 00 00 8b
0x00007ffa6ef585a0:   0d d3 1c 84 00 48 8b 1c c8 b8 50 00 00 00 80 3c
0x00007ffa6ef585b0:   18 00 75 05 e8 a3 3a 52 00 b8 20 00 00 00 48 8b
0x00007ffa6ef585c0:   04 18 48 8b 88 d0 04 00 00 48 8b 99 80 00 00 00 


Stack slot to memory mapping:
stack at sp + 0 slots: 0x0000000000003136 is an unknown value
stack at sp + 1 slots: 0x00007ffa6ef58624 jvm.dll
stack at sp + 2 slots: 0x0000019bb617f9f0 points into unknown readable memory: 0x0000000600000006 | 06 00 00 00 06 00 00 00
stack at sp + 3 slots: 0x0000019bb555ef00 points into unknown readable memory: 0x0000000000000000 | 00 00 00 00 00 00 00 00
stack at sp + 4 slots: 0x000000000000001e is an unknown value
stack at sp + 5 slots: 0x00007ffa6ef51858 jvm.dll
stack at sp + 6 slots: 0x0000000000000002 is an unknown value
stack at sp + 7 slots: 0x0000000000000017 is an unknown value


---------------  P R O C E S S  ---------------

Threads class SMR info:
_java_thread_list=0x0000019bb36d3bc0, length=19, elements={
0x0000019baac0aa90, 0x0000019baac0ba90, 0x0000019baa1eda70, 0x0000019baa1ee430,
0x0000019baac53b10, 0x0000019baac578d0, 0x0000019baac594d0, 0x0000019baac59ec0,
0x0000019baac7b8e0, 0x0000019baadd2cf0, 0x0000019baadf5030, 0x0000019bab236740,
0x0000019bab23cf90, 0x0000019bab2396d0, 0x0000019bab1eba20, 0x0000019bab1eea40,
0x0000019bab1eb550, 0x0000019bab1ebef0, 0x0000019bb2832f50
}

Java Threads: ( => current thread )
  0x0000019baac0aa90 JavaThread "Reference Handler" daemon [_thread_blocked, id=11148, stack(0x00000067bfa00000,0x00000067bfb00000)]
  0x0000019baac0ba90 JavaThread "Finalizer" daemon [_thread_blocked, id=6984, stack(0x00000067bfb00000,0x00000067bfc00000)]
  0x0000019baa1eda70 JavaThread "Signal Dispatcher" daemon [_thread_blocked, id=2776, stack(0x00000067bfc00000,0x00000067bfd00000)]
  0x0000019baa1ee430 JavaThread "Attach Listener" daemon [_thread_blocked, id=10632, stack(0x00000067bfd00000,0x00000067bfe00000)]
  0x0000019baac53b10 JavaThread "Service Thread" daemon [_thread_blocked, id=8980, stack(0x00000067bfe00000,0x00000067bff00000)]
  0x0000019baac578d0 JavaThread "Monitor Deflation Thread" daemon [_thread_blocked, id=7740, stack(0x00000067bff00000,0x00000067c0000000)]
  0x0000019baac594d0 JavaThread "C2 CompilerThread0" daemon [_thread_blocked, id=13136, stack(0x00000067c0000000,0x00000067c0100000)]
  0x0000019baac59ec0 JavaThread "C1 CompilerThread0" daemon [_thread_blocked, id=6576, stack(0x00000067c0100000,0x00000067c0200000)]
  0x0000019baac7b8e0 JavaThread "Sweeper thread" daemon [_thread_blocked, id=4880, stack(0x00000067c0200000,0x00000067c0300000)]
  0x0000019baadd2cf0 JavaThread "Notification Thread" daemon [_thread_blocked, id=12812, stack(0x00000067c0300000,0x00000067c0400000)]
  0x0000019baadf5030 JavaThread "Common-Cleaner" daemon [_thread_blocked, id=13108, stack(0x00000067c0500000,0x00000067c0600000)]
  0x0000019bab236740 JavaThread "Java2D Disposer" daemon [_thread_blocked, id=13232, stack(0x00000067c0700000,0x00000067c0800000)]
  0x0000019bab23cf90 JavaThread "AWT-Shutdown" [_thread_blocked, id=2232, stack(0x00000067c0800000,0x00000067c0900000)]
  0x0000019bab2396d0 JavaThread "AWT-Windows" daemon [_thread_in_native, id=6216, stack(0x00000067c0900000,0x00000067c0a00000)]
  0x0000019bab1eba20 JavaThread "AWT-EventQueue-0" [_thread_blocked, id=4824, stack(0x00000067c0600000,0x00000067c0700000)]
  0x0000019bab1eea40 JavaThread "DestroyJavaVM" [_thread_blocked, id=13320, stack(0x00000067bf300000,0x00000067bf400000)]
  0x0000019bab1eb550 JavaThread "D3D Screen Updater" daemon [_thread_in_native, id=6204, stack(0x00000067c1000000,0x00000067c1100000)]
  0x0000019bab1ebef0 JavaThread "TimerQueue" daemon [_thread_blocked, id=11100, stack(0x00000067c1100000,0x00000067c1200000)]
=>0x0000019bb2832f50 JavaThread "C2 CompilerThread1" daemon [_thread_in_native, id=14052, stack(0x00000067c0c00000,0x00000067c0d00000)]

Other Threads:
  0x0000019baa19fd50 VMThread "VM Thread" [stack: 0x00000067bf900000,0x00000067bfa00000] [id=10276]
  0x0000019baad45840 WatcherThread [stack: 0x00000067c0400000,0x00000067c0500000] [id=7016]
  0x0000019b872ee460 GCTaskThread "GC Thread#0" [stack: 0x00000067bf400000,0x00000067bf500000] [id=4260]
  0x0000019bb2cfac50 GCTaskThread "GC Thread#1" [stack: 0x00000067c1200000,0x00000067c1300000] [id=12428]
  0x0000019bb2d4d290 GCTaskThread "GC Thread#2" [stack: 0x00000067c1300000,0x00000067c1400000] [id=2072]
  0x0000019bb2d4d540 GCTaskThread "GC Thread#3" [stack: 0x00000067c1400000,0x00000067c1500000] [id=8080]
  0x0000019b872fbba0 ConcurrentGCThread "G1 Main Marker" [stack: 0x00000067bf500000,0x00000067bf600000] [id=2112]
  0x0000019b872fed70 ConcurrentGCThread "G1 Conc#0" [stack: 0x00000067bf600000,0x00000067bf700000] [id=3128]
  0x0000019b8733da80 ConcurrentGCThread "G1 Refine#0" [stack: 0x00000067bf700000,0x00000067bf800000] [id=13808]
  0x0000019bb645cf40 ConcurrentGCThread "G1 Refine#1" [stack: 0x00000067c1500000,0x00000067c1600000] [id=5836]
  0x0000019b8733e4a0 ConcurrentGCThread "G1 Service" [stack: 0x00000067bf800000,0x00000067bf900000] [id=11512]

Threads with active compile tasks:
C2 CompilerThread1     9843 3176 %     4       view.MapPanel::calculateRivers @ 202 (807 bytes)

VM state: not at safepoint (normal execution)

VM Mutex/Monitor currently owned by a thread: None

Heap address: 0x0000000680c00000, size: 6132 MB, Compressed Oops mode: Zero based, Oop shift amount: 3

CDS archive(s) not mapped
Compressed class space mapped at: 0x0000000800000000-0x0000000840000000, reserved size: 1073741824
Narrow klass base: 0x0000000800000000, Narrow klass shift: 0, Narrow klass range: 0x40000000

GC Precious Log:
 CPUs: 4 total, 4 available
 Memory: 24524M
 Large Page Support: Disabled
 NUMA Support: Disabled
 Compressed Oops: Enabled (Zero based)
 Heap Region Size: 4M
 Heap Min Capacity: 8M
 Heap Initial Capacity: 384M
 Heap Max Capacity: 6132M
 Pre-touch: Disabled
 Parallel Workers: 4
 Concurrent Workers: 1
 Concurrent Refinement Workers: 4
 Periodic GC: Disabled

Heap:
 garbage-first heap   total 81920K, used 19710K [0x0000000680c00000, 0x0000000800000000)
  region size 4096K, 2 young (8192K), 1 survivors (4096K)
 Metaspace       used 21797K, committed 21952K, reserved 1073152K
  class space    used 2185K, committed 2240K, reserved 1048576K

Heap Regions: E=young(eden), S=young(survivor), O=old, HS=humongous(starts), HC=humongous(continues), CS=collection set, F=free, OA=open archive, CA=closed archive, TAMS=top-at-mark-start (previous, next)
|   0|0x0000000680c00000, 0x0000000681000000, 0x0000000681000000|100%| O|  |TAMS 0x0000000681000000, 0x0000000680c00000| Untracked 
|   1|0x0000000681000000, 0x0000000681000000, 0x0000000681400000|  0%| F|  |TAMS 0x0000000681000000, 0x0000000681000000| Untracked 
|   2|0x0000000681400000, 0x0000000681800000, 0x0000000681800000|100%| O|  |TAMS 0x0000000681400000, 0x0000000681400000| Untracked 
|   3|0x0000000681800000, 0x0000000681c00000, 0x0000000681c00000|100%| O|  |TAMS 0x0000000681800000, 0x0000000681800000| Untracked 
|   4|0x0000000681c00000, 0x0000000682000000, 0x0000000682000000|100%| O|  |TAMS 0x0000000681c00000, 0x0000000681c00000| Untracked 
|   5|0x0000000682000000, 0x00000006821eba00, 0x0000000682400000| 48%| O|  |TAMS 0x0000000682000000, 0x0000000682000000| Untracked 
|   6|0x0000000682400000, 0x0000000682400000, 0x0000000682800000|  0%| F|  |TAMS 0x0000000682400000, 0x0000000682400000| Untracked 
|   7|0x0000000682800000, 0x0000000682800000, 0x0000000682c00000|  0%| F|  |TAMS 0x0000000682800000, 0x0000000682800000| Untracked 
|   8|0x0000000682c00000, 0x0000000682d53fe8, 0x0000000683000000| 33%| S|CS|TAMS 0x0000000682c00000, 0x0000000682c00000| Complete 
|   9|0x0000000683000000, 0x0000000683000000, 0x0000000683400000|  0%| F|  |TAMS 0x0000000683000000, 0x0000000683000000| Untracked 
|  10|0x0000000683400000, 0x0000000683400000, 0x0000000683800000|  0%| F|  |TAMS 0x0000000683400000, 0x0000000683400000| Untracked 
|  11|0x0000000683800000, 0x0000000683800000, 0x0000000683c00000|  0%| F|  |TAMS 0x0000000683800000, 0x0000000683800000| Untracked 
|  12|0x0000000683c00000, 0x0000000683c00000, 0x0000000684000000|  0%| F|  |TAMS 0x0000000683c00000, 0x0000000683c00000| Untracked 
|  13|0x0000000684000000, 0x0000000684000000, 0x0000000684400000|  0%| F|  |TAMS 0x0000000684000000, 0x0000000684000000| Untracked 
|  14|0x0000000684400000, 0x0000000684400000, 0x0000000684800000|  0%| F|  |TAMS 0x0000000684400000, 0x0000000684400000| Untracked 
|  15|0x0000000684800000, 0x0000000684800000, 0x0000000684c00000|  0%| F|  |TAMS 0x0000000684800000, 0x0000000684800000| Untracked 
|  90|0x0000000697400000, 0x0000000697400000, 0x0000000697800000|  0%| F|  |TAMS 0x0000000697400000, 0x0000000697400000| Untracked 
|  91|0x0000000697800000, 0x0000000697800000, 0x0000000697c00000|  0%| F|  |TAMS 0x0000000697800000, 0x0000000697800000| Untracked 
|  92|0x0000000697c00000, 0x0000000697c00000, 0x0000000698000000|  0%| F|  |TAMS 0x0000000697c00000, 0x0000000697c00000| Untracked 
|  95|0x0000000698800000, 0x0000000698b2a480, 0x0000000698c00000| 79%| E|  |TAMS 0x0000000698800000, 0x0000000698800000| Complete 

Card table byte_map: [0x0000019b9a520000,0x0000019b9b120000] _byte_map_base: 0x0000019b9711a000

Marking Bits (Prev, Next): (CMBitMap*) 0x0000019b872eeab0, (CMBitMap*) 0x0000019b872eea70
 Prev Bits: [0x0000019ba1cf0000, 0x0000019ba7cc0000)
 Next Bits: [0x0000019b9bd20000, 0x0000019ba1cf0000)

Polling page: 0x0000019b85270000

Metaspace:

Usage:
  Non-class:     19.15 MB used.
      Class:      2.13 MB used.
       Both:     21.29 MB used.

Virtual space:
  Non-class space:       24.00 MB reserved,      19.25 MB ( 80%) committed,  3 nodes.
      Class space:        1.00 GB reserved,       2.19 MB ( <1%) committed,  1 nodes.
             Both:        1.02 GB reserved,      21.44 MB (  2%) committed. 

Chunk freelists:
   Non-Class:  512.00 KB
       Class:  1.69 MB
        Both:  2.19 MB

MaxMetaspaceSize: unlimited
CompressedClassSpaceSize: 1.00 GB
Initial GC threshold: 21.00 MB
Current GC threshold: 35.12 MB
CDS: off
MetaspaceReclaimPolicy: balanced
 - commit_granule_bytes: 65536.
 - commit_granule_words: 8192.
 - virtual_space_node_default_size: 1048576.
 - enlarge_chunks_in_place: 1.
 - new_chunks_are_fully_committed: 0.
 - uncommit_free_chunks: 1.
 - use_allocation_guard: 0.
 - handle_deallocations: 1.


Internal statistics:

num_allocs_failed_limit: 3.
num_arena_births: 136.
num_arena_deaths: 0.
num_vsnodes_births: 4.
num_vsnodes_deaths: 0.
num_space_committed: 343.
num_space_uncommitted: 0.
num_chunks_returned_to_freelist: 3.
num_chunks_taken_from_freelist: 262.
num_chunk_merges: 0.
num_chunk_splits: 143.
num_chunks_enlarged: 83.
num_purges: 0.
num_inconsistent_stats: 0.

CodeHeap 'non-profiled nmethods': size=120000Kb used=2496Kb max_used=2496Kb free=117503Kb
 bounds [0x0000019b923f0000, 0x0000019b92670000, 0x0000019b99920000]
CodeHeap 'profiled nmethods': size=120000Kb used=6081Kb max_used=6081Kb free=113918Kb
 bounds [0x0000019b8aec0000, 0x0000019b8b4c0000, 0x0000019b923f0000]
CodeHeap 'non-nmethods': size=5760Kb used=1356Kb max_used=1408Kb free=4403Kb
 bounds [0x0000019b8a920000, 0x0000019b8ab90000, 0x0000019b8aec0000]
 total_blobs=4037 nmethods=3340 adapters=607
 compilation: enabled
              stopped_count=0, restarted_count=0
 full_count=0

Compilation events (20 events):
Event: 9.578 Thread 0x0000019baac59ec0 3264       1       encounters.Encounter::setCharacter (6 bytes)
Event: 9.578 Thread 0x0000019baac59ec0 nmethod 3264 0x0000019b92643910 code [0x0000019b92643aa0, 0x0000019b92643bb8]
Event: 9.578 Thread 0x0000019baac59ec0 3265       1       encounters.Encounter::setObject (6 bytes)
Event: 9.578 Thread 0x0000019baac59ec0 nmethod 3265 0x0000019b92643c10 code [0x0000019b92643da0, 0x0000019b92643eb8]
Event: 9.578 Thread 0x0000019baac59ec0 3266       1       encounters.Encounter::getFocus (5 bytes)
Event: 9.578 Thread 0x0000019baac59ec0 nmethod 3266 0x0000019b92643f10 code [0x0000019b926440a0, 0x0000019b92644178]
Event: 9.578 Thread 0x0000019baac59ec0 3267       1       encounters.Encounter::getAction (5 bytes)
Event: 9.578 Thread 0x0000019baac59ec0 nmethod 3267 0x0000019b92644210 code [0x0000019b926443a0, 0x0000019b92644478]
Event: 9.578 Thread 0x0000019baac59ec0 3268       1       encounters.Encounter::getDescriptor (5 bytes)
Event: 9.578 Thread 0x0000019baac59ec0 nmethod 3268 0x0000019b92644510 code [0x0000019b926446a0, 0x0000019b92644778]
Event: 9.578 Thread 0x0000019baac59ec0 3269       1       encounters.Encounter::getLocation (5 bytes)
Event: 9.578 Thread 0x0000019baac59ec0 nmethod 3269 0x0000019b92644810 code [0x0000019b926449a0, 0x0000019b92644a78]
Event: 9.578 Thread 0x0000019baac59ec0 3270       1       encounters.Encounter::getCharacter (5 bytes)
Event: 9.578 Thread 0x0000019baac59ec0 nmethod 3270 0x0000019b92644b10 code [0x0000019b92644ca0, 0x0000019b92644d78]
Event: 9.578 Thread 0x0000019baac59ec0 3271       1       encounters.Encounter::getObject (5 bytes)
Event: 9.578 Thread 0x0000019baac59ec0 nmethod 3271 0x0000019b92644e10 code [0x0000019b92644fa0, 0x0000019b92645078]
Event: 9.578 Thread 0x0000019baac59ec0 3272       3       javax.swing.AbstractAction::<init> (10 bytes)
Event: 9.578 Thread 0x0000019baac59ec0 nmethod 3272 0x0000019b8b47c390 code [0x0000019b8b47c520, 0x0000019b8b47c698]
Event: 9.578 Thread 0x0000019baac59ec0 3273       3       javax.swing.text.CompositeView::getChildAllocation (14 bytes)
Event: 9.578 Thread 0x0000019baac59ec0 nmethod 3273 0x0000019b8b47c790 code [0x0000019b8b47c940, 0x0000019b8b47cbf8]

GC Heap History (16 events):
Event: 1.172 GC heap before
{Heap before GC invocations=0 (full 0):
 garbage-first heap   total 393216K, used 16384K [0x0000000680c00000, 0x0000000800000000)
  region size 4096K, 4 young (16384K), 0 survivors (0K)
 Metaspace       used 19715K, committed 19840K, reserved 1073152K
  class space    used 2066K, committed 2112K, reserved 1048576K
}
Event: 1.177 GC heap after
{Heap after GC invocations=1 (full 0):
 garbage-first heap   total 393216K, used 5084K [0x0000000680c00000, 0x0000000800000000)
  region size 4096K, 1 young (4096K), 1 survivors (4096K)
 Metaspace       used 19715K, committed 19840K, reserved 1073152K
  class space    used 2066K, committed 2112K, reserved 1048576K
}
Event: 1.346 GC heap before
{Heap before GC invocations=1 (full 0):
 garbage-first heap   total 393216K, used 17372K [0x0000000680c00000, 0x0000000800000000)
  region size 4096K, 4 young (16384K), 1 survivors (4096K)
 Metaspace       used 20046K, committed 20288K, reserved 1073152K
  class space    used 2095K, committed 2240K, reserved 1048576K
}
Event: 1.349 GC heap after
{Heap after GC invocations=2 (full 0):
 garbage-first heap   total 393216K, used 6193K [0x0000000680c00000, 0x0000000800000000)
  region size 4096K, 1 young (4096K), 1 survivors (4096K)
 Metaspace       used 20046K, committed 20288K, reserved 1073152K
  class space    used 2095K, committed 2240K, reserved 1048576K
}
Event: 1.709 GC heap before
{Heap before GC invocations=2 (full 0):
 garbage-first heap   total 393216K, used 34865K [0x0000000680c00000, 0x0000000800000000)
  region size 4096K, 8 young (32768K), 1 survivors (4096K)
 Metaspace       used 20763K, committed 20928K, reserved 1073152K
  class space    used 2141K, committed 2240K, reserved 1048576K
}
Event: 1.712 GC heap after
{Heap after GC invocations=3 (full 0):
 garbage-first heap   total 393216K, used 8022K [0x0000000680c00000, 0x0000000800000000)
  region size 4096K, 1 young (4096K), 1 survivors (4096K)
 Metaspace       used 20763K, committed 20928K, reserved 1073152K
  class space    used 2141K, committed 2240K, reserved 1048576K
}
Event: 8.134 GC heap before
{Heap before GC invocations=3 (full 0):
 garbage-first heap   total 393216K, used 159574K [0x0000000680c00000, 0x0000000800000000)
  region size 4096K, 38 young (155648K), 1 survivors (4096K)
 Metaspace       used 20983K, committed 21184K, reserved 1073152K
  class space    used 2142K, committed 2240K, reserved 1048576K
}
Event: 8.154 GC heap after
{Heap after GC invocations=4 (full 0):
 garbage-first heap   total 393216K, used 18558K [0x0000000680c00000, 0x0000000800000000)
  region size 4096K, 4 young (16384K), 4 survivors (16384K)
 Metaspace       used 20983K, committed 21184K, reserved 1073152K
  class space    used 2142K, committed 2240K, reserved 1048576K
}
Event: 8.308 GC heap before
{Heap before GC invocations=4 (full 0):
 garbage-first heap   total 393216K, used 26750K [0x0000000680c00000, 0x0000000800000000)
  region size 4096K, 7 young (28672K), 4 survivors (16384K)
 Metaspace       used 21389K, committed 21504K, reserved 1073152K
  class space    used 2175K, committed 2240K, reserved 1048576K
}
Event: 8.318 GC heap after
{Heap after GC invocations=5 (full 0):
 garbage-first heap   total 393216K, used 19380K [0x0000000680c00000, 0x0000000800000000)
  region size 4096K, 3 young (12288K), 3 survivors (12288K)
 Metaspace       used 21389K, committed 21504K, reserved 1073152K
  class space    used 2175K, committed 2240K, reserved 1048576K
}
Event: 8.764 GC heap before
{Heap before GC invocations=6 (full 0):
 garbage-first heap   total 81920K, used 56244K [0x0000000680c00000, 0x0000000800000000)
  region size 4096K, 12 young (49152K), 3 survivors (12288K)
 Metaspace       used 21430K, committed 21568K, reserved 1073152K
  class space    used 2178K, committed 2240K, reserved 1048576K
}
Event: 8.776 GC heap after
{Heap after GC invocations=7 (full 0):
 garbage-first heap   total 81920K, used 20544K [0x0000000680c00000, 0x0000000800000000)
  region size 4096K, 1 young (4096K), 1 survivors (4096K)
 Metaspace       used 21430K, committed 21568K, reserved 1073152K
  class space    used 2178K, committed 2240K, reserved 1048576K
}
Event: 8.853 GC heap before
{Heap before GC invocations=7 (full 0):
 garbage-first heap   total 81920K, used 24640K [0x0000000680c00000, 0x0000000800000000)
  region size 4096K, 2 young (8192K), 1 survivors (4096K)
 Metaspace       used 21432K, committed 21568K, reserved 1073152K
  class space    used 2178K, committed 2240K, reserved 1048576K
}
Event: 8.857 GC heap after
{Heap after GC invocations=8 (full 0):
 garbage-first heap   total 81920K, used 19695K [0x0000000680c00000, 0x0000000800000000)
  region size 4096K, 1 young (4096K), 1 survivors (4096K)
 Metaspace       used 21432K, committed 21568K, reserved 1073152K
  class space    used 2178K, committed 2240K, reserved 1048576K
}
Event: 9.274 GC heap before
{Heap before GC invocations=8 (full 0):
 garbage-first heap   total 81920K, used 56559K [0x0000000680c00000, 0x0000000800000000)
  region size 4096K, 10 young (40960K), 1 survivors (4096K)
 Metaspace       used 21654K, committed 21760K, reserved 1073152K
  class space    used 2185K, committed 2240K, reserved 1048576K
}
Event: 9.277 GC heap after
{Heap after GC invocations=9 (full 0):
 garbage-first heap   total 81920K, used 19599K [0x0000000680c00000, 0x0000000800000000)
  region size 4096K, 1 young (4096K), 1 survivors (4096K)
 Metaspace       used 21654K, committed 21760K, reserved 1073152K
  class space    used 2185K, committed 2240K, reserved 1048576K
}

Deoptimization events (20 events):
Event: 8.764 Thread 0x0000019bab1eba20 DEOPT PACKING pc=0x0000019b8b3fae98 sp=0x00000067c06fd7a0
Event: 8.764 Thread 0x0000019bab1eba20 DEOPT UNPACKING pc=0x0000019b8a972b43 sp=0x00000067c06fcc10 mode 0
Event: 8.788 Thread 0x0000019bab1eba20 DEOPT PACKING pc=0x0000019b8b3fae98 sp=0x00000067c06fd7a0
Event: 8.788 Thread 0x0000019bab1eba20 DEOPT UNPACKING pc=0x0000019b8a972b43 sp=0x00000067c06fcc10 mode 0
Event: 8.897 Thread 0x0000019bab1eba20 Uncommon trap: trap_request=0xffffff45 fr.pc=0x0000019b925a838c relative=0x00000000000000cc
Event: 8.897 Thread 0x0000019bab1eba20 Uncommon trap: reason=unstable_if action=reinterpret pc=0x0000019b925a838c method=java.lang.StrictMath.floorOrCeil(DDDD)D @ 90 c2
Event: 8.897 Thread 0x0000019bab1eba20 DEOPT PACKING pc=0x0000019b925a838c sp=0x00000067c06fec90
Event: 8.897 Thread 0x0000019bab1eba20 DEOPT UNPACKING pc=0x0000019b8a9723a3 sp=0x00000067c06feb60 mode 2
Event: 9.173 Thread 0x0000019bab1eba20 DEOPT PACKING pc=0x0000019b8b2aabee sp=0x00000067c06fdd00
Event: 9.173 Thread 0x0000019bab1eba20 DEOPT UNPACKING pc=0x0000019b8a972b43 sp=0x00000067c06fd300 mode 0
Event: 9.209 Thread 0x0000019bab1eba20 Uncommon trap: trap_request=0xffffff45 fr.pc=0x0000019b925fa568 relative=0x0000000000005e08
Event: 9.209 Thread 0x0000019bab1eba20 Uncommon trap: reason=unstable_if action=reinterpret pc=0x0000019b925fa568 method=view.MapPanel.calculateRivers(I)V @ 693 c2
Event: 9.209 Thread 0x0000019bab1eba20 DEOPT PACKING pc=0x0000019b925fa568 sp=0x00000067c06fddf0
Event: 9.209 Thread 0x0000019bab1eba20 DEOPT UNPACKING pc=0x0000019b8a9723a3 sp=0x00000067c06fde18 mode 2
Event: 9.362 Thread 0x0000019bab1eba20 DEOPT PACKING pc=0x0000019b8b40855a sp=0x00000067c06fdd60
Event: 9.362 Thread 0x0000019bab1eba20 DEOPT UNPACKING pc=0x0000019b8a972b43 sp=0x00000067c06fd2d0 mode 0
Event: 9.407 Thread 0x0000019bab1eba20 Uncommon trap: trap_request=0xffffff45 fr.pc=0x0000019b92607620 relative=0x0000000000000ae0
Event: 9.407 Thread 0x0000019bab1eba20 Uncommon trap: reason=unstable_if action=reinterpret pc=0x0000019b92607620 method=view.MapPanel.drawRivers(Ljava/awt/Graphics2D;IILjava/awt/Color;)V @ 293 c2
Event: 9.407 Thread 0x0000019bab1eba20 DEOPT PACKING pc=0x0000019b92607620 sp=0x00000067c06fddf0
Event: 9.407 Thread 0x0000019bab1eba20 DEOPT UNPACKING pc=0x0000019b8a9723a3 sp=0x00000067c06fdde0 mode 2

Classes unloaded (0 events):
No events

Classes redefined (0 events):
No events

Internal exceptions (18 events):
Event: 0.148 Thread 0x0000019b8515eaa0 Exception <a 'java/lang/ClassNotFoundException'{0x000000069898a470}: sun/awt/resources/spi/awtProvider> (0x000000069898a470) 
thrown [e:\jenkins\tmp\workspace\build\src\src\hotspot\share\classfile\systemDictionary.cpp, line 256]
Event: 0.177 Thread 0x0000019b8515eaa0 Exception <a 'java/io/FileNotFoundException'{0x00000006989e4cd8}> (0x00000006989e4cd8) 
thrown [e:\jenkins\tmp\workspace\build\src\src\hotspot\share\prims\jni.cpp, line 516]
Event: 0.184 Thread 0x0000019b8515eaa0 Exception <a 'java/io/FileNotFoundException'{0x0000000698a11ec0}> (0x0000000698a11ec0) 
thrown [e:\jenkins\tmp\workspace\build\src\src\hotspot\share\prims\jni.cpp, line 516]
Event: 0.231 Thread 0x0000019b8515eaa0 Exception <a 'java/lang/NoSuchMethodError'{0x0000000698ac7ac8}: 'java.lang.Object java.lang.invoke.DirectMethodHandle$Holder.invokeStatic(java.lang.Object, int, java.lang.Object)'> (0x0000000698ac7ac8) 
thrown [e:\jenkins\tmp\workspace\build\src\src\hotspot\share\interpreter\linkResolver.cpp, line 766]
Event: 0.251 Thread 0x0000019b8515eaa0 Exception <a 'sun/nio/fs/WindowsException'{0x0000000698aea280}> (0x0000000698aea280) 
thrown [e:\jenkins\tmp\workspace\build\src\src\hotspot\share\prims\jni.cpp, line 516]
Event: 0.294 Thread 0x0000019b8515eaa0 Exception <a 'java/lang/NoSuchMethodError'{0x0000000698b3bbb0}: 'java.lang.Object java.lang.invoke.DirectMethodHandle$Holder.invokeStaticInit(java.lang.Object)'> (0x0000000698b3bbb0) 
thrown [e:\jenkins\tmp\workspace\build\src\src\hotspot\share\interpreter\linkResolver.cpp, line 766]
Event: 0.572 Thread 0x0000019b8515eaa0 Exception <a 'java/lang/NoSuchMethodError'{0x0000000698bd9ad0}: 'void java.lang.invoke.DirectMethodHandle$Holder.invokeSpecial(java.lang.Object, java.lang.Object, java.lang.Object)'> (0x0000000698bd9ad0) 
thrown [e:\jenkins\tmp\workspace\build\src\src\hotspot\share\interpreter\linkResolver.cpp, line 766]
Event: 0.580 Thread 0x0000019b8515eaa0 Exception <a 'java/lang/NoSuchMethodError'{0x0000000698404180}: 'java.lang.Object java.lang.invoke.DirectMethodHandle$Holder.newInvokeSpecial(java.lang.Object, java.lang.Object, java.lang.Object, java.lang.Object, java.lang.Object)'> (0x0000000698404180) 
thrown [e:\jenkins\tmp\workspace\build\src\src\hotspot\share\interpreter\linkResolver.cpp, line 766]
Event: 0.582 Thread 0x0000019b8515eaa0 Exception <a 'java/lang/NoSuchMethodError'{0x000000069840fb48}: 'java.lang.Object java.lang.invoke.DirectMethodHandle$Holder.invokeStatic(java.lang.Object, int, java.lang.Object, java.lang.Object, java.lang.Object, java.lang.Object)'> (0x000000069840fb48) 
thrown [e:\jenkins\tmp\workspace\build\src\src\hotspot\share\interpreter\linkResolver.cpp, line 766]
Event: 0.610 Thread 0x0000019b8515eaa0 Exception <a 'java/lang/ClassNotFoundException'{0x00000006984eca48}: com/sun/swing/internal/plaf/metal/resources/spi/metalProvider> (0x00000006984eca48) 
thrown [e:\jenkins\tmp\workspace\build\src\src\hotspot\share\classfile\systemDictionary.cpp, line 256]
Event: 0.611 Thread 0x0000019b8515eaa0 Exception <a 'java/lang/ClassNotFoundException'{0x00000006984f08d0}: com/sun/swing/internal/plaf/basic/resources/spi/basicProvider> (0x00000006984f08d0) 
thrown [e:\jenkins\tmp\workspace\build\src\src\hotspot\share\classfile\systemDictionary.cpp, line 256]
Event: 0.887 Thread 0x0000019b8515eaa0 Implicit null exception at 0x0000019b92429850 to 0x0000019b92429a04
Event: 0.937 Thread 0x0000019bab2396d0 Exception <a 'java/lang/NoSuchMethodError'{0x0000000698b965d0}: 'void java.lang.invoke.DirectMethodHandle$Holder.invokeVirtual(java.lang.Object, java.lang.Object)'> (0x0000000698b965d0) 
thrown [e:\jenkins\tmp\workspace\build\src\src\hotspot\share\interpreter\linkResolver.cpp, line 766]
Event: 0.950 Thread 0x0000019b8515eaa0 Exception <a 'java/lang/NoSuchMethodError'{0x0000000697da8af8}: 'void java.lang.invoke.DirectMethodHandle$Holder.invokeStaticInit(java.lang.Object)'> (0x0000000697da8af8) 
thrown [e:\jenkins\tmp\workspace\build\src\src\hotspot\share\interpreter\linkResolver.cpp, line 766]
Event: 1.137 Thread 0x0000019bab1eba20 Implicit null exception at 0x0000019b924640cc to 0x0000019b924642c4
Event: 7.966 Thread 0x0000019bab1eba20 Implicit null exception at 0x0000019b92476120 to 0x0000019b924765ac
Event: 7.966 Thread 0x0000019bab1eba20 Implicit null exception at 0x0000019b9247597c to 0x0000019b92475b40
Event: 8.294 Thread 0x0000019bab1eba20 Implicit null exception at 0x0000019b925134d9 to 0x0000019b92513930

VM Operations (20 events):
Event: 8.305 Executing VM operation: HandshakeAllThreads
Event: 8.305 Executing VM operation: HandshakeAllThreads done
Event: 8.308 Executing VM operation: CollectForMetadataAllocation
Event: 8.318 Executing VM operation: CollectForMetadataAllocation done
Event: 8.319 Executing VM operation: HandshakeAllThreads
Event: 8.319 Executing VM operation: HandshakeAllThreads done
Event: 8.332 Executing VM operation: G1Concurrent
Event: 8.334 Executing VM operation: G1Concurrent done
Event: 8.339 Executing VM operation: G1Concurrent
Event: 8.339 Executing VM operation: G1Concurrent done
Event: 8.348 Executing VM operation: HandshakeAllThreads
Event: 8.348 Executing VM operation: HandshakeAllThreads done
Event: 8.764 Executing VM operation: G1CollectForAllocation
Event: 8.776 Executing VM operation: G1CollectForAllocation done
Event: 8.853 Executing VM operation: G1CollectForAllocation
Event: 8.857 Executing VM operation: G1CollectForAllocation done
Event: 8.996 Executing VM operation: HandshakeAllThreads
Event: 8.996 Executing VM operation: HandshakeAllThreads done
Event: 9.274 Executing VM operation: G1CollectForAllocation
Event: 9.277 Executing VM operation: G1CollectForAllocation done

Events (20 events):
Event: 8.992 loading class javax/swing/text/JTextComponent$InputMethodRequestsHandler
Event: 8.992 loading class javax/swing/text/JTextComponent$InputMethodRequestsHandler done
Event: 8.995 loading class sun/awt/im/CompositionAreaHandler
Event: 8.995 loading class sun/awt/im/CompositionAreaHandler done
Event: 8.995 loading class java/text/AttributedString
Event: 8.996 loading class java/text/AttributedString done
Event: 8.996 loading class java/text/AttributedString$AttributedStringIterator
Event: 8.996 loading class java/text/AttributedCharacterIterator
Event: 8.996 loading class java/text/AttributedCharacterIterator done
Event: 8.996 loading class java/text/AttributedString$AttributedStringIterator done
Event: 8.996 loading class javax/swing/TimerQueue$DelayedTimer
Event: 8.997 loading class java/util/concurrent/Delayed
Event: 8.997 loading class java/util/concurrent/Delayed done
Event: 8.997 loading class javax/swing/TimerQueue$DelayedTimer done
Event: 8.997 loading class java/util/concurrent/TimeUnit
Event: 8.997 loading class java/util/concurrent/TimeUnit done
Event: 8.997 loading class java/util/concurrent/TimeUnit$1
Event: 8.997 loading class java/util/concurrent/TimeUnit$1 done
Event: 9.510 loading class javax/swing/Timer$1
Event: 9.510 loading class javax/swing/Timer$1 done


Dynamic libraries:
0x00007ff7a5720000 - 0x00007ff7a572e000 	E:\Program Files\eclipse\plugins\org.eclipse.justj.openjdk.hotspot.jre.full.win32.x86_64_17.0.3.v20220515-1416\jre\bin\javaw.exe
0x00007fface8d0000 - 0x00007ffaceac8000 	C:\WINDOWS\SYSTEM32\ntdll.dll
0x00007ffac2320000 - 0x00007ffac233b000 	C:\Program Files\Avast Software\Avast\aswhook.dll
0x00007ffacc440000 - 0x00007ffacc4fd000 	C:\WINDOWS\System32\KERNEL32.DLL
0x00007ffacba00000 - 0x00007ffacbcf6000 	C:\WINDOWS\System32\KERNELBASE.dll
0x00007ffacb900000 - 0x00007ffacba00000 	C:\WINDOWS\System32\ucrtbase.dll
0x00007ffac80e0000 - 0x00007ffac80f8000 	E:\Program Files\eclipse\plugins\org.eclipse.justj.openjdk.hotspot.jre.full.win32.x86_64_17.0.3.v20220515-1416\jre\bin\jli.dll
0x00007ffacc8c0000 - 0x00007ffacca5e000 	C:\WINDOWS\System32\USER32.dll
0x00007ffacbd00000 - 0x00007ffacbd22000 	C:\WINDOWS\System32\win32u.dll
0x00007fface860000 - 0x00007fface88c000 	C:\WINDOWS\System32\GDI32.dll
0x00007ffacbdc0000 - 0x00007ffacbeda000 	C:\WINDOWS\System32\gdi32full.dll
0x00007ffacb780000 - 0x00007ffacb81d000 	C:\WINDOWS\System32\msvcp_win.dll
0x00007ffac6360000 - 0x00007ffac6379000 	E:\Program Files\eclipse\plugins\org.eclipse.justj.openjdk.hotspot.jre.full.win32.x86_64_17.0.3.v20220515-1416\jre\bin\VCRUNTIME140.dll
0x00007ffaca9a0000 - 0x00007ffacac3a000 	C:\WINDOWS\WinSxS\amd64_microsoft.windows.common-controls_6595b64144ccf1df_6.0.19041.1110_none_60b5254171f9507e\COMCTL32.dll
0x00007ffacdaf0000 - 0x00007ffacdb8e000 	C:\WINDOWS\System32\msvcrt.dll
0x00007ffacde60000 - 0x00007ffacde90000 	C:\WINDOWS\System32\IMM32.DLL
0x00007ffac80d0000 - 0x00007ffac80dc000 	E:\Program Files\eclipse\plugins\org.eclipse.justj.openjdk.hotspot.jre.full.win32.x86_64_17.0.3.v20220515-1416\jre\bin\vcruntime140_1.dll
0x00007ffab46b0000 - 0x00007ffab4741000 	E:\Program Files\eclipse\plugins\org.eclipse.justj.openjdk.hotspot.jre.full.win32.x86_64_17.0.3.v20220515-1416\jre\bin\msvcp140.dll
0x00007ffa6ebf0000 - 0x00007ffa6f838000 	E:\Program Files\eclipse\plugins\org.eclipse.justj.openjdk.hotspot.jre.full.win32.x86_64_17.0.3.v20220515-1416\jre\bin\server\jvm.dll
0x00007ffacdd10000 - 0x00007ffacddbe000 	C:\WINDOWS\System32\ADVAPI32.dll
0x00007ffacddc0000 - 0x00007ffacde5c000 	C:\WINDOWS\System32\sechost.dll
0x00007ffacc190000 - 0x00007ffacc2b6000 	C:\WINDOWS\System32\RPCRT4.dll
0x00007fface1f0000 - 0x00007fface1f8000 	C:\WINDOWS\System32\PSAPI.DLL
0x00007ffab2f70000 - 0x00007ffab2f79000 	C:\WINDOWS\SYSTEM32\WSOCK32.dll
0x00007ffabdc30000 - 0x00007ffabdc57000 	C:\WINDOWS\SYSTEM32\WINMM.dll
0x00007ffac5dc0000 - 0x00007ffac5dca000 	C:\WINDOWS\SYSTEM32\VERSION.dll
0x00007ffacda80000 - 0x00007ffacdaeb000 	C:\WINDOWS\System32\WS2_32.dll
0x00007ffac8670000 - 0x00007ffac8682000 	C:\WINDOWS\SYSTEM32\kernel.appcore.dll
0x00007ffac6540000 - 0x00007ffac654a000 	E:\Program Files\eclipse\plugins\org.eclipse.justj.openjdk.hotspot.jre.full.win32.x86_64_17.0.3.v20220515-1416\jre\bin\jimage.dll
0x00007ffacafd0000 - 0x00007ffacb1b4000 	C:\WINDOWS\SYSTEM32\DBGHELP.DLL
0x00007ffacad70000 - 0x00007ffacada4000 	C:\WINDOWS\SYSTEM32\dbgcore.DLL
0x00007ffacbd30000 - 0x00007ffacbdb2000 	C:\WINDOWS\System32\bcryptPrimitives.dll
0x00007ffac15b0000 - 0x00007ffac15d5000 	E:\Program Files\eclipse\plugins\org.eclipse.justj.openjdk.hotspot.jre.full.win32.x86_64_17.0.3.v20220515-1416\jre\bin\java.dll
0x00007ffabf5a0000 - 0x00007ffabf5b8000 	E:\Program Files\eclipse\plugins\org.eclipse.justj.openjdk.hotspot.jre.full.win32.x86_64_17.0.3.v20220515-1416\jre\bin\zip.dll
0x00007ffaccbf0000 - 0x00007ffacd335000 	C:\WINDOWS\System32\SHELL32.dll
0x00007ffac9010000 - 0x00007ffac97ab000 	C:\WINDOWS\SYSTEM32\windows.storage.dll
0x00007ffacde90000 - 0x00007fface1e4000 	C:\WINDOWS\System32\combase.dll
0x00007ffaca900000 - 0x00007ffaca92e000 	C:\WINDOWS\SYSTEM32\Wldp.dll
0x00007ffacd9b0000 - 0x00007ffacda5d000 	C:\WINDOWS\System32\SHCORE.dll
0x00007ffacc130000 - 0x00007ffacc185000 	C:\WINDOWS\System32\shlwapi.dll
0x00007ffacb4f0000 - 0x00007ffacb515000 	C:\WINDOWS\SYSTEM32\profapi.dll
0x00007ffab4520000 - 0x00007ffab46ae000 	E:\Program Files\eclipse\plugins\org.eclipse.justj.openjdk.hotspot.jre.full.win32.x86_64_17.0.3.v20220515-1416\jre\bin\awt.dll
0x00007ffacc7f0000 - 0x00007ffacc8bd000 	C:\WINDOWS\System32\OLEAUT32.dll
0x00007ffac81b0000 - 0x00007ffac8241000 	C:\WINDOWS\SYSTEM32\apphelp.dll
0x00007ffabb470000 - 0x00007ffabb489000 	E:\Program Files\eclipse\plugins\org.eclipse.justj.openjdk.hotspot.jre.full.win32.x86_64_17.0.3.v20220515-1416\jre\bin\net.dll
0x00007ffac2770000 - 0x00007ffac287a000 	C:\WINDOWS\SYSTEM32\WINHTTP.dll
0x00007ffaca7c0000 - 0x00007ffaca82a000 	C:\WINDOWS\system32\mswsock.dll
0x00007ffab6e30000 - 0x00007ffab6e45000 	E:\Program Files\eclipse\plugins\org.eclipse.justj.openjdk.hotspot.jre.full.win32.x86_64_17.0.3.v20220515-1416\jre\bin\nio.dll
0x00007ffac8460000 - 0x00007ffac848f000 	C:\WINDOWS\system32\DWMAPI.DLL
0x00007ffac8290000 - 0x00007ffac832e000 	C:\WINDOWS\system32\uxtheme.dll
0x00007ffab43f0000 - 0x00007ffab4515000 	C:\WINDOWS\system32\opengl32.dll
0x00007ffac6330000 - 0x00007ffac635c000 	C:\WINDOWS\SYSTEM32\GLU32.dll
0x00007ffacc2c0000 - 0x00007ffacc3d4000 	C:\WINDOWS\System32\MSCTF.dll
0x00007ffacd340000 - 0x00007ffacd46a000 	C:\WINDOWS\System32\ole32.dll
0x00007ffa712a0000 - 0x00007ffa7146d000 	C:\WINDOWS\system32\d3d9.dll
0x00007ffabf8a0000 - 0x00007ffabf961000 	C:\WINDOWS\System32\DriverStore\FileRepository\nvmd.inf_amd64_aa54f7a758543a0a\nvldumdx.dll
0x00007ffacad50000 - 0x00007ffacad62000 	C:\WINDOWS\SYSTEM32\msasn1.dll
0x00007ffac28e0000 - 0x00007ffac2911000 	C:\WINDOWS\SYSTEM32\cryptnet.dll
0x00007ffacb5d0000 - 0x00007ffacb72e000 	C:\WINDOWS\System32\CRYPT32.dll
0x00007ffaca730000 - 0x00007ffaca73c000 	C:\WINDOWS\SYSTEM32\cryptbase.dll
0x00007ffac2620000 - 0x00007ffac2768000 	C:\WINDOWS\SYSTEM32\drvstore.dll
0x00007ffacb350000 - 0x00007ffacb383000 	C:\WINDOWS\SYSTEM32\devobj.dll
0x00007ffacb730000 - 0x00007ffacb77e000 	C:\WINDOWS\System32\cfgmgr32.dll
0x00007ffacbee0000 - 0x00007ffacbf47000 	C:\WINDOWS\System32\wintrust.dll
0x00007ffacda60000 - 0x00007ffacda7d000 	C:\WINDOWS\System32\imagehlp.dll
0x00007ffacb330000 - 0x00007ffacb348000 	C:\WINDOWS\SYSTEM32\CRYPTSP.dll
0x00007ffac9f60000 - 0x00007ffac9f94000 	C:\WINDOWS\system32\rsaenh.dll
0x00007ffacbf50000 - 0x00007ffacbf77000 	C:\WINDOWS\System32\bcrypt.dll
0x00007ffabbc40000 - 0x00007ffabdc2e000 	C:\WINDOWS\System32\DriverStore\FileRepository\nvmd.inf_amd64_aa54f7a758543a0a\nvgpucomp64.dll
0x00007ffa64930000 - 0x00007ffa663c4000 	C:\WINDOWS\System32\DriverStore\FileRepository\nvmd.inf_amd64_aa54f7a758543a0a\nvd3dumx.dll
0x00007ffaa81b0000 - 0x00007ffaa8480000 	C:\WINDOWS\system32\nvspcap64.dll
0x00007ffacb2f0000 - 0x00007ffacb323000 	C:\WINDOWS\SYSTEM32\ntmarta.dll
0x00007ffac97c0000 - 0x00007ffac97e3000 	C:\WINDOWS\SYSTEM32\gpapi.dll
0x00007ffaab450000 - 0x00007ffaab5a5000 	C:\WINDOWS\System32\DriverStore\FileRepository\nvmd.inf_amd64_aa54f7a758543a0a\nvppex.dll
0x00007ffabfe30000 - 0x00007ffabfe6b000 	C:\WINDOWS\SYSTEM32\dxcore.dll
0x00007ffaabcf0000 - 0x00007ffaabd79000 	E:\Program Files\eclipse\plugins\org.eclipse.justj.openjdk.hotspot.jre.full.win32.x86_64_17.0.3.v20220515-1416\jre\bin\freetype.dll
0x00007ffaab3a0000 - 0x00007ffaab448000 	E:\Program Files\eclipse\plugins\org.eclipse.justj.openjdk.hotspot.jre.full.win32.x86_64_17.0.3.v20220515-1416\jre\bin\fontmanager.dll
0x00007ffacca60000 - 0x00007ffaccb09000 	C:\WINDOWS\System32\clbcatq.dll
0x00007ffac4650000 - 0x00007ffac4804000 	C:\WINDOWS\SYSTEM32\WindowsCodecs.dll
0x00007ffaaefe0000 - 0x00007ffaaf01e000 	C:\WINDOWS\system32\dataexchange.dll
0x00007ffac7590000 - 0x00007ffac7773000 	C:\WINDOWS\system32\dcomp.dll
0x00007ffac65b0000 - 0x00007ffac6813000 	C:\WINDOWS\system32\d3d11.dll
0x00007ffac97f0000 - 0x00007ffac98e3000 	C:\WINDOWS\system32\dxgi.dll
0x00007ffac49f0000 - 0x00007ffac4bf7000 	C:\WINDOWS\system32\twinapi.appcore.dll
0x00007ffac0940000 - 0x00007ffac0a3a000 	C:\WINDOWS\SYSTEM32\textinputframework.dll
0x00007ffac7b00000 - 0x00007ffac7e5e000 	C:\WINDOWS\System32\CoreUIComponents.dll
0x00007ffac7e60000 - 0x00007ffac7f52000 	C:\WINDOWS\System32\CoreMessaging.dll
0x00007ffac7430000 - 0x00007ffac7585000 	C:\WINDOWS\SYSTEM32\wintypes.dll

dbghelp: loaded successfully - version: 4.0.5 - missing functions: none
symbol engine: initialized successfully - sym options: 0x614 - pdb path: .;E:\Program Files\eclipse\plugins\org.eclipse.justj.openjdk.hotspot.jre.full.win32.x86_64_17.0.3.v20220515-1416\jre\bin;C:\WINDOWS\SYSTEM32;C:\Program Files\Avast Software\Avast;C:\WINDOWS\WinSxS\amd64_microsoft.windows.common-controls_6595b64144ccf1df_6.0.19041.1110_none_60b5254171f9507e;E:\Program Files\eclipse\plugins\org.eclipse.justj.openjdk.hotspot.jre.full.win32.x86_64_17.0.3.v20220515-1416\jre\bin\server;C:\WINDOWS\System32\DriverStore\FileRepository\nvmd.inf_amd64_aa54f7a758543a0a

VM Arguments:
jvm_args: -Dfile.encoding=UTF-8 -XX:+ShowCodeDetailsInExceptionMessages 
java_command: general.MapFrame
java_class_path (initial): C:\Users\Reed\git\workspace\Hexcrawl\HexCrawl\bin
Launcher Type: SUN_STANDARD

[Global flags]
     intx CICompilerCount                          = 3                                         {product} {ergonomic}
     uint ConcGCThreads                            = 1                                         {product} {ergonomic}
     uint G1ConcRefinementThreads                  = 4                                         {product} {ergonomic}
   size_t G1HeapRegionSize                         = 4194304                                   {product} {ergonomic}
    uintx GCDrainStackTargetSize                   = 64                                        {product} {ergonomic}
   size_t InitialHeapSize                          = 402653184                                 {product} {ergonomic}
   size_t MarkStackSize                            = 4194304                                   {product} {ergonomic}
   size_t MaxHeapSize                              = 6429868032                                {product} {ergonomic}
   size_t MaxNewSize                               = 3854565376                                {product} {ergonomic}
   size_t MinHeapDeltaBytes                        = 4194304                                   {product} {ergonomic}
   size_t MinHeapSize                              = 8388608                                   {product} {ergonomic}
    uintx NonNMethodCodeHeapSize                   = 5832780                                {pd product} {ergonomic}
    uintx NonProfiledCodeHeapSize                  = 122912730                              {pd product} {ergonomic}
    uintx ProfiledCodeHeapSize                     = 122912730                              {pd product} {ergonomic}
    uintx ReservedCodeCacheSize                    = 251658240                              {pd product} {ergonomic}
     bool SegmentedCodeCache                       = true                                      {product} {ergonomic}
     bool ShowCodeDetailsInExceptionMessages       = true                                   {manageable} {command line}
   size_t SoftMaxHeapSize                          = 6429868032                             {manageable} {ergonomic}
     bool UseCompressedClassPointers               = true                           {product lp64_product} {ergonomic}
     bool UseCompressedOops                        = true                           {product lp64_product} {ergonomic}
     bool UseG1GC                                  = true                                      {product} {ergonomic}
     bool UseLargePagesIndividualAllocation        = false                                  {pd product} {ergonomic}

Logging:
Log output configuration:
 #0: stdout all=warning uptime,level,tags
 #1: stderr all=off uptime,level,tags

Environment Variables:
PATH=E:/Program Files/eclipse//plugins/org.eclipse.justj.openjdk.hotspot.jre.full.win32.x86_64_17.0.3.v20220515-1416/jre/bin/server;E:/Program Files/eclipse//plugins/org.eclipse.justj.openjdk.hotspot.jre.full.win32.x86_64_17.0.3.v20220515-1416/jre/bin;C:\Program Files (x86)\Common Files\Oracle\Java\java8path;C:\Program Files (x86)\Common Files\Oracle\Java\javapath;C:\ProgramData\Oracle\Java\javapath;C:\Program Files\Common Files\Microsoft Shared\Windows Live;C:\Program Files (x86)\Common Files\Microsoft Shared\Windows Live;C:\WINDOWS\system32;C:\WINDOWS;C:\WINDOWS\System32\Wbem;C:\WINDOWS\System32\WindowsPowerShell\v1.0\;C:\Program Files (x86)\ATI Technologies\ATI.ACE\Core-Static;E:\Program Files\Java\jdk1.6.0_24\bin;C:\Program Files\Java\jre7\bin;C:\Program Files (x86)\Windows Live\Shared;C:\Program Files (x86)\Windows Kits\8.1\Windows Performance Toolkit\;C:\Program Files (x86)\Microsoft SDKs\TypeScript\1.0\;C:\WINDOWS\System32\OpenSSH\;C:\Program Files\dotnet\;C:\Program Files\NVIDIA Corporation\NVIDIA NvDLISR;C:\Program Files (x86)\NVIDIA Corporation\PhysX\Common;C:\Users\Reed\AppData\Local\Microsoft\WindowsApps;;E:\Program Files\eclipse;
USERNAME=Reed
OS=Windows_NT
PROCESSOR_IDENTIFIER=Intel64 Family 6 Model 58 Stepping 9, GenuineIntel



---------------  S Y S T E M  ---------------

OS:
 Windows 10 , 64 bit Build 19041 (10.0.19041.3393)
OS uptime: 0 days 1:59 hours

CPU: total 4 (initial active 4) (4 cores per cpu, 1 threads per core) family 6 model 58 stepping 9 microcode 0x21, cx8, cmov, fxsr, mmx, sse, sse2, sse3, ssse3, sse4.1, sse4.2, popcnt, tsc, tscinvbit, avx, aes, erms, clmul, vzeroupper, clflush

Memory: 4k page, system-wide physical 24524M (18757M free)
TotalPageFile size 57036M (AvailPageFile size 49666M)
current process WorkingSet (physical memory assigned to process): 227M, peak: 294M
current process commit charge ("private bytes"): 312M, peak: 611M

vm_info: OpenJDK 64-Bit Server VM (17.0.3+7) for windows-amd64 JRE (17.0.3+7), built on Apr 19 2022 16:55:35 by "" with MS VC++ 16.7 (VS2019)

END.
